<?xml version="1.0" encoding="UTF-8"?>
<testsuite name="TestSuite" time="111.916" tests="33" errors="0" skipped="0" failures="0">
  <properties>
[...]
</properties>
  <testcase name="Login" classname="cases.Login" time="1.225"/>
  <testcase name="Login" classname="cases.Shop" time="1.125"/>
  <testcase name="MyShop" classname="cases.Shop" time="4.318"/>
  <testcase name="Login" classname="cases.GasPrice" time="1.14"/>
  <testcase name="GasPriceEdit" classname="cases.GasPrice" time="4.596"/>
  <testcase name="AddZeroDieselPrice" classname="cases.GasPrice" time="12.08"/>
  <testcase name="ModifyGasPrice" classname="cases.GasPrice" time="3.653"/>
  <testcase name="AddWeeklyActivity" classname="cases.GasPrice" time="1.945"/>
  <testcase name="DeleteWeeklyActivity" classname="cases.GasPrice" time="3.655"/>
  <testcase name="Login" classname="cases.GasGun" time="1.06"/>
  <testcase name="GasGunEdit" classname="cases.GasGun" time="4.94"/>
  <testcase name="AddGasGun" classname="cases.GasGun" time="2.01"/>
  <testcase name="ForbidGasGun" classname="cases.GasGun" time="4.51"/>
  <testcase name="DeleteGasGun" classname="cases.GasGun" time="3.484"/>
  <testcase name="Login" classname="cases.TurnOver" time="1.038"/>
  <testcase name="UpdateStatic" classname="cases.TurnOver" time="0.503"/>
  <testcase name="TurnOverRecord" classname="cases.TurnOver" time="6.646"/>
  <testcase name="Invoice" classname="cases.TurnOver" time="3.288"/>
  <testcase name="Login" classname="cases.MarketingReduction" time="1.052"/>
  <testcase name="ReductionCoupon" classname="cases.MarketingReduction" time="7.874"/>
  <testcase name="AddReductionCoupon" classname="cases.MarketingReduction" time="1.839"/>
  <testcase name="OfflineReductionCoupon" classname="cases.MarketingReduction" time="4.11"/>
  <testcase name="DeleteReductionCoupon" classname="cases.MarketingReduction" time="4.057"/>
  <testcase name="Login" classname="cases.MarketingDiscount" time="1.073"/>
  <testcase name="DiscountCoupon" classname="cases.MarketingDiscount" time="7.767"/>
  <testcase name="AddDiscountCoupon" classname="cases.MarketingDiscount" time="1.731"/>
  <testcase name="OfflineDiscountCoupon" classname="cases.MarketingDiscount" time="4.593"/>
  <testcase name="DeleteDiscountCoupon" classname="cases.MarketingDiscount" time="3.505"/>
  <testcase name="Login" classname="cases.MarketingRecharge" time="1.044"/>
  <testcase name="RechargeDiscount" classname="cases.MarketingRecharge" time="8.867"/>
  <testcase name="AddRechargeDiscount" classname="cases.MarketingRecharge" time="1.396"/>
  <testcase name="OfflineRechargeDiscount" classname="cases.MarketingRecharge" time="1.587"/>
  <testcase name="DeleteRechargeDiscount" classname="cases.MarketingRecharge" time="0.205"/>
</testsuite>