<?xml version="1.0" encoding="UTF-8"?>
<testsuite name="TestSuite" time="118.317" tests="39" errors="0" skipped="4" failures="2">
  <properties>
[...]
</properties>
  <testcase name="Login" classname="cases.Login" time="1.914"/>
  <testcase name="Login" classname="cases.Shop" time="1.221"/>
  <testcase name="MyShop" classname="cases.Shop" time="4.575"/>
  <testcase name="Login" classname="cases.GasPrice" time="1.214"/>
  <testcase name="GasPriceEdit" classname="cases.GasPrice" time="4.593"/>
  <testcase name="AddZeroDieselPrice" classname="cases.GasPrice" time="12.113"/>
  <testcase name="ModifyGasPrice" classname="cases.GasPrice" time="3.873"/>
  <testcase name="AddWeeklyActivity" classname="cases.GasPrice" time="1.709"/>
  <testcase name="DeleteWeeklyActivity" classname="cases.GasPrice" time="3.759"/>
  <testcase name="Login" classname="cases.GasGun" time="1.095"/>
  <testcase name="GasGunEdit" classname="cases.GasGun" time="2.68"/>
  <testcase name="AddGasGun" classname="cases.GasGun" time="2.818"/>
  <testcase name="ForbidGasGun" classname="cases.GasGun" time="3.172">
    <failure message="An exception occurred: element click intercepted: Element &lt;div data-v-c46f346a=&quot;&quot; class=&quot;number-item&quot; style=&quot;background: linear-gradient(45deg, rgb(128, 140, 248), rgb(193, 176, 247)); color: rgb(255, 255, 255);&quot;&gt;...&lt;/div&gt; is not clickable at point (325, 275). Other element would receive the click: &lt;div role=&quot;dialog&quot; aria-modal=&quot;true&quot; aria-label=&quot;新增油枪信息&quot; aria-describedby=&quot;el-id-9993-10&quot; class=&quot;el-overlay-dialog&quot;&gt;...&lt;/div&gt;&#10;  (Session info: headless chrome=93.0.4577.82)&#10;Build info: version: &apos;3.141.0&apos;, revision: &apos;2ecb7d9a&apos;, time: &apos;2018-10-31T20:09:30&apos;&#10;System info: host: &apos;小平のMacBook&apos;, ip: &apos;fe80:0:0:0:d2:2319:50b1:4426%en0&apos;, os.name: &apos;Mac OS X&apos;, os.arch: &apos;x86_64&apos;, os.version: &apos;10.16&apos;, java.version: &apos;11&apos;&#10;Driver info: org.openqa.selenium.chrome.ChromeDriver&#10;Capabilities {acceptInsecureCerts: false, browserName: chrome, browserVersion: 93.0.4577.82, chrome: {chromedriverVersion: 93.0.4577.63 (ff5c0da2ec0ad..., userDataDir: /var/folders/pl/wzmp230951v...}, goog:chromeOptions: {debuggerAddress: localhost:56001}, javascriptEnabled: true, networkConnectionEnabled: false, pageLoadStrategy: normal, platform: MAC, platformName: MAC, proxy: Proxy(), setWindowRect: true, strictFileInteractability: false, timeouts: {implicit: 0, pageLoad: 300000, script: 30000}, unhandledPromptBehavior: dismiss and notify, webauthn:extension:credBlob: true, webauthn:extension:largeBlob: true, webauthn:virtualAuthenticators: true}&#10;Session ID: d035583af2d349eaf4e4c42364b86bc6" type="java.lang.AssertionError"><![CDATA[java.lang.AssertionError: An exception occurred: element click intercepted: Element <div data-v-c46f346a="" class="number-item" style="background: linear-gradient(45deg, rgb(128, 140, 248), rgb(193, 176, 247)); color: rgb(255, 255, 255);">...</div> is not clickable at point (325, 275). Other element would receive the click: <div role="dialog" aria-modal="true" aria-label="新增油枪信息" aria-describedby="el-id-9993-10" class="el-overlay-dialog">...</div>
  (Session info: headless chrome=93.0.4577.82)
Build info: version: '3.141.0', revision: '2ecb7d9a', time: '2018-10-31T20:09:30'
System info: host: '小平のMacBook', ip: 'fe80:0:0:0:d2:2319:50b1:4426%en0', os.name: 'Mac OS X', os.arch: 'x86_64', os.version: '10.16', java.version: '11'
Driver info: org.openqa.selenium.chrome.ChromeDriver
Capabilities {acceptInsecureCerts: false, browserName: chrome, browserVersion: 93.0.4577.82, chrome: {chromedriverVersion: 93.0.4577.63 (ff5c0da2ec0ad..., userDataDir: /var/folders/pl/wzmp230951v...}, goog:chromeOptions: {debuggerAddress: localhost:56001}, javascriptEnabled: true, networkConnectionEnabled: false, pageLoadStrategy: normal, platform: MAC, platformName: MAC, proxy: Proxy(), setWindowRect: true, strictFileInteractability: false, timeouts: {implicit: 0, pageLoad: 300000, script: 30000}, unhandledPromptBehavior: dismiss and notify, webauthn:extension:credBlob: true, webauthn:extension:largeBlob: true, webauthn:virtualAuthenticators: true}
Session ID: d035583af2d349eaf4e4c42364b86bc6
	at java.base/jdk.internal.reflect.NativeConstructorAccessorImpl.newInstance0(Native Method)
	at java.base/jdk.internal.reflect.NativeConstructorAccessorImpl.newInstance(NativeConstructorAccessorImpl.java:62)
	at java.base/jdk.internal.reflect.DelegatingConstructorAccessorImpl.newInstance(DelegatingConstructorAccessorImpl.java:45)
	at java.base/java.lang.reflect.Constructor.newInstance(Constructor.java:490)
	at org.openqa.selenium.remote.http.W3CHttpResponseCodec.createException(W3CHttpResponseCodec.java:187)
	at org.openqa.selenium.remote.http.W3CHttpResponseCodec.decode(W3CHttpResponseCodec.java:122)
	at org.openqa.selenium.remote.http.W3CHttpResponseCodec.decode(W3CHttpResponseCodec.java:49)
	at org.openqa.selenium.remote.HttpCommandExecutor.execute(HttpCommandExecutor.java:158)
	at org.openqa.selenium.remote.service.DriverCommandExecutor.execute(DriverCommandExecutor.java:83)
	at org.openqa.selenium.remote.RemoteWebDriver.execute(RemoteWebDriver.java:552)
	at org.openqa.selenium.remote.RemoteWebElement.execute(RemoteWebElement.java:285)
	at org.openqa.selenium.remote.RemoteWebElement.click(RemoteWebElement.java:84)
	at tools.Browser.click(Browser.java:183)
	at cases.GasGun.ForbidGasGun(GasGun.java:66)
]]></failure>
    <system-err><![CDATA[8月 15, 2024 2:13:49 下午 tools.Browser HandleException
严重: 【click】函数发生异常：element click intercepted: Element <div data-v-c46f346a="" class="number-item" style="background: linear-gradient(45deg, rgb(128, 140, 248), rgb(193, 176, 247)); color: rgb(255, 255, 255);">...</div> is not clickable at point (325, 275). Other element would receive the click: <div role="dialog" aria-modal="true" aria-label="新增油枪信息" aria-describedby="el-id-9993-10" class="el-overlay-dialog">...</div>
  (Session info: headless chrome=93.0.4577.82)
Build info: version: '3.141.0', revision: '2ecb7d9a', time: '2018-10-31T20:09:30'
System info: host: '小平のMacBook', ip: 'fe80:0:0:0:d2:2319:50b1:4426%en0', os.name: 'Mac OS X', os.arch: 'x86_64', os.version: '10.16', java.version: '11'
Driver info: org.openqa.selenium.chrome.ChromeDriver
Capabilities {acceptInsecureCerts: false, browserName: chrome, browserVersion: 93.0.4577.82, chrome: {chromedriverVersion: 93.0.4577.63 (ff5c0da2ec0ad..., userDataDir: /var/folders/pl/wzmp230951v...}, goog:chromeOptions: {debuggerAddress: localhost:56001}, javascriptEnabled: true, networkConnectionEnabled: false, pageLoadStrategy: normal, platform: MAC, platformName: MAC, proxy: Proxy(), setWindowRect: true, strictFileInteractability: false, timeouts: {implicit: 0, pageLoad: 300000, script: 30000}, unhandledPromptBehavior: dismiss and notify, webauthn:extension:credBlob: true, webauthn:extension:largeBlob: true, webauthn:virtualAuthenticators: true}
Session ID: d035583af2d349eaf4e4c42364b86bc6
org.openqa.selenium.ElementClickInterceptedException: element click intercepted: Element <div data-v-c46f346a="" class="number-item" style="background: linear-gradient(45deg, rgb(128, 140, 248), rgb(193, 176, 247)); color: rgb(255, 255, 255);">...</div> is not clickable at point (325, 275). Other element would receive the click: <div role="dialog" aria-modal="true" aria-label="新增油枪信息" aria-describedby="el-id-9993-10" class="el-overlay-dialog">...</div>
  (Session info: headless chrome=93.0.4577.82)
Build info: version: '3.141.0', revision: '2ecb7d9a', time: '2018-10-31T20:09:30'
System info: host: '小平のMacBook', ip: 'fe80:0:0:0:d2:2319:50b1:4426%en0', os.name: 'Mac OS X', os.arch: 'x86_64', os.version: '10.16', java.version: '11'
Driver info: org.openqa.selenium.chrome.ChromeDriver
Capabilities {acceptInsecureCerts: false, browserName: chrome, browserVersion: 93.0.4577.82, chrome: {chromedriverVersion: 93.0.4577.63 (ff5c0da2ec0ad..., userDataDir: /var/folders/pl/wzmp230951v...}, goog:chromeOptions: {debuggerAddress: localhost:56001}, javascriptEnabled: true, networkConnectionEnabled: false, pageLoadStrategy: normal, platform: MAC, platformName: MAC, proxy: Proxy(), setWindowRect: true, strictFileInteractability: false, timeouts: {implicit: 0, pageLoad: 300000, script: 30000}, unhandledPromptBehavior: dismiss and notify, webauthn:extension:credBlob: true, webauthn:extension:largeBlob: true, webauthn:virtualAuthenticators: true}
Session ID: d035583af2d349eaf4e4c42364b86bc6
	at java.base/jdk.internal.reflect.NativeConstructorAccessorImpl.newInstance0(Native Method)
	at java.base/jdk.internal.reflect.NativeConstructorAccessorImpl.newInstance(NativeConstructorAccessorImpl.java:62)
	at java.base/jdk.internal.reflect.DelegatingConstructorAccessorImpl.newInstance(DelegatingConstructorAccessorImpl.java:45)
	at java.base/java.lang.reflect.Constructor.newInstance(Constructor.java:490)
	at org.openqa.selenium.remote.http.W3CHttpResponseCodec.createException(W3CHttpResponseCodec.java:187)
	at org.openqa.selenium.remote.http.W3CHttpResponseCodec.decode(W3CHttpResponseCodec.java:122)
	at org.openqa.selenium.remote.http.W3CHttpResponseCodec.decode(W3CHttpResponseCodec.java:49)
	at org.openqa.selenium.remote.HttpCommandExecutor.execute(HttpCommandExecutor.java:158)
	at org.openqa.selenium.remote.service.DriverCommandExecutor.execute(DriverCommandExecutor.java:83)
	at org.openqa.selenium.remote.RemoteWebDriver.execute(RemoteWebDriver.java:552)
	at org.openqa.selenium.remote.RemoteWebElement.execute(RemoteWebElement.java:285)
	at org.openqa.selenium.remote.RemoteWebElement.click(RemoteWebElement.java:84)
	at tools.Browser.click(Browser.java:183)
	at cases.GasGun.ForbidGasGun(GasGun.java:66)
	at java.base/jdk.internal.reflect.NativeMethodAccessorImpl.invoke0(Native Method)
	at java.base/jdk.internal.reflect.NativeMethodAccessorImpl.invoke(NativeMethodAccessorImpl.java:62)
	at java.base/jdk.internal.reflect.DelegatingMethodAccessorImpl.invoke(DelegatingMethodAccessorImpl.java:43)
	at java.base/java.lang.reflect.Method.invoke(Method.java:566)
	at org.testng.internal.MethodInvocationHelper.invokeMethod(MethodInvocationHelper.java:134)
	at org.testng.internal.TestInvoker.invokeMethod(TestInvoker.java:597)
	at org.testng.internal.TestInvoker.invokeTestMethod(TestInvoker.java:173)
	at org.testng.internal.MethodRunner.runInSequence(MethodRunner.java:46)
	at org.testng.internal.TestInvoker$MethodInvocationAgent.invoke(TestInvoker.java:816)
	at org.testng.internal.TestInvoker.invokeTestMethods(TestInvoker.java:146)
	at org.testng.internal.TestMethodWorker.invokeTestMethods(TestMethodWorker.java:146)
	at org.testng.internal.TestMethodWorker.run(TestMethodWorker.java:128)
	at java.base/java.util.ArrayList.forEach(ArrayList.java:1540)
	at org.testng.TestRunner.privateRun(TestRunner.java:766)
	at org.testng.TestRunner.run(TestRunner.java:587)
	at org.testng.SuiteRunner.runTest(SuiteRunner.java:384)
	at org.testng.SuiteRunner.runSequentially(SuiteRunner.java:378)
	at org.testng.SuiteRunner.privateRun(SuiteRunner.java:337)
	at org.testng.SuiteRunner.run(SuiteRunner.java:286)
	at org.testng.SuiteRunnerWorker.runSuite(SuiteRunnerWorker.java:53)
	at org.testng.SuiteRunnerWorker.run(SuiteRunnerWorker.java:96)
	at org.testng.TestNG.runSuitesSequentially(TestNG.java:1187)
	at org.testng.TestNG.runSuitesLocally(TestNG.java:1109)
	at org.testng.TestNG.runSuites(TestNG.java:1039)
	at org.testng.TestNG.run(TestNG.java:1007)
	at org.apache.maven.surefire.testng.TestNGExecutor.run(TestNGExecutor.java:295)
	at org.apache.maven.surefire.testng.TestNGXmlTestSuite.execute(TestNGXmlTestSuite.java:84)
	at org.apache.maven.surefire.testng.TestNGProvider.invoke(TestNGProvider.java:90)
	at org.apache.maven.surefire.booter.ForkedBooter.invokeProviderInSameClassLoader(ForkedBooter.java:203)
	at org.apache.maven.surefire.booter.ForkedBooter.runSuitesInProcess(ForkedBooter.java:155)
	at org.apache.maven.surefire.booter.ForkedBooter.main(ForkedBooter.java:103)
]]></system-err>
  </testcase>
  <testcase name="DeleteGasGun" classname="cases.GasGun" time="0">
    <skipped/>
  </testcase>
  <testcase name="Login" classname="cases.TurnOver" time="1.343"/>
  <testcase name="UpdateStatic" classname="cases.TurnOver" time="0.719"/>
  <testcase name="TurnOverRecord" classname="cases.TurnOver" time="8.6"/>
  <testcase name="Invoice" classname="cases.TurnOver" time="3.315"/>
  <testcase name="Login" classname="cases.MarketingReduction" time="1.142"/>
  <testcase name="ReductionCoupon" classname="cases.MarketingReduction" time="7.022">
    <failure type="java.lang.AssertionError:">java.lang.AssertionError: null
	at tools.Browser.Assert(Browser.java:260)
	at cases.MarketingReduction.ReductionCoupon(MarketingReduction.java:50)
</failure>
    <system-err><![CDATA[8月 15, 2024 2:14:12 下午 tools.Browser explicitlyWait
信息: explicitlyWait element【By.xpath: /html/body/div[1]/div[2]/div[1]/ul/ul/li[2]】for 10 seconds.
8月 15, 2024 2:14:17 下午 tools.Browser explicitlyWait
信息: explicitlyWait element【By.xpath: /html/body/div[1]/div[2]/div[2]/div[1]/div[2]】for 10 seconds.
]]></system-err>
  </testcase>
  <testcase name="AddReductionCoupon" classname="cases.MarketingReduction" time="0">
    <skipped/>
  </testcase>
  <testcase name="OfflineReductionCoupon" classname="cases.MarketingReduction" time="0">
    <skipped/>
  </testcase>
  <testcase name="DeleteReductionCoupon" classname="cases.MarketingReduction" time="0">
    <skipped/>
  </testcase>
  <testcase name="Login" classname="cases.MarketingDiscount" time="1.031"/>
  <testcase name="DiscountCoupon" classname="cases.MarketingDiscount" time="10.783"/>
  <testcase name="AddDiscountCoupon" classname="cases.MarketingDiscount" time="1.78"/>
  <testcase name="OfflineDiscountCoupon" classname="cases.MarketingDiscount" time="4.681"/>
  <testcase name="DeleteDiscountCoupon" classname="cases.MarketingDiscount" time="3.115"/>
  <testcase name="Login" classname="cases.MarketingRecharge" time="1.11"/>
  <testcase name="RechargeDiscount" classname="cases.MarketingRecharge" time="12.32"/>
  <testcase name="AddRechargeDiscount" classname="cases.MarketingRecharge" time="1.545"/>
  <testcase name="OfflineRechargeDiscount" classname="cases.MarketingRecharge" time="1.349"/>
  <testcase name="DeleteRechargeDiscount" classname="cases.MarketingRecharge" time="0.202"/>
  <testcase name="Login" classname="cases.Device" time="1.196"/>
  <testcase name="DeviceManagement" classname="cases.Device" time="6.707"/>
  <testcase name="AddDevice" classname="cases.Device" time="0.836"/>
  <testcase name="ModifyDevice" classname="cases.Device" time="0.923"/>
  <testcase name="DeleteDevice" classname="cases.Device" time="3.85"/>
  <testcase name="DeleteLog" classname="tools.DeleteExtraLogs" time="0.012"/>
</testsuite>