<?xml version="1.0" encoding="UTF-8"?>
<testsuite name="TestSuite" time="42.456" tests="18" errors="0" skipped="3" failures="1">
  <properties>
[...]
</properties>
  <testcase name="Login" classname="cases.Login" time="1.167"/>
  <testcase name="Login" classname="cases.Shop" time="1.094"/>
  <testcase name="MyShop" classname="cases.Shop" time="4.501"/>
  <testcase name="Login" classname="cases.GasPrice" time="1.123"/>
  <testcase name="GasPriceEdit" classname="cases.GasPrice" time="5.108"/>
  <testcase name="AddZeroDieselPrice" classname="cases.GasPrice" time="7.484"/>
  <testcase name="ModifyGasPrice" classname="cases.GasPrice" time="0.992"/>
  <testcase name="AddWeeklyActivity" classname="cases.GasPrice" time="1.07"/>
  <testcase name="DeleteWeeklyActivity" classname="cases.GasPrice" time="3.525"/>
  <testcase name="Login" classname="cases.GasGun" time="1.105"/>
  <testcase name="GasGunEdit" classname="cases.GasGun" time="4.638">
    <failure type="java.lang.AssertionError:">java.lang.AssertionError: null
	at tools.Browser.Assert(Browser.java:245)
	at cases.GasGun.GasGunEdit(GasGun.java:44)
</failure>
    <system-err><![CDATA[7月 19, 2024 3:34:30 下午 tools.Browser explicitlyWait
信息: explicitlyWait element【By.xpath: /html/body/div[1]/div[2]/div[2]/div/div[3]/div/div/div/div/div[1]/img】for 20 seconds.
7月 19, 2024 3:34:30 下午 tools.Browser explicitlyWait
信息: explicitlyWait element【By.xpath: /html/body/div[1]/div[2]/div[2]/div[2]/div[2]/div】for 20 seconds.
7月 19, 2024 3:34:30 下午 tools.Browser explicitlyWait
信息: explicitlyWait element【By.xpath: /html/body/div[1]/div[2]/div[2]/div[1]/div[2]】for 20 seconds.
]]></system-err>
  </testcase>
  <testcase name="AddGasGun" classname="cases.GasGun" time="0">
    <skipped/>
  </testcase>
  <testcase name="ForbidGasGun" classname="cases.GasGun" time="0">
    <skipped/>
  </testcase>
  <testcase name="DeleteGasGun" classname="cases.GasGun" time="0">
    <skipped/>
  </testcase>
  <testcase name="Login" classname="cases.TurnOver" time="1.116"/>
  <testcase name="UpdateStatic" classname="cases.TurnOver" time="0.484"/>
  <testcase name="TurnOverRecord" classname="cases.TurnOver" time="7.064"/>
  <testcase name="Invoice" classname="cases.TurnOver" time="1.985"/>
</testsuite>